<?xml version="1.0" encoding="UTF-8"?>
<!-- Generated by org.testng.reporters.JUnitXMLReporter -->
<testsuite hostname="DEV_DEL_DEEPAK" name="Test" tests="2" failures="2" timestamp="2 Jan 2019 09:51:43 GMT" time="0.045" errors="0">
  <testcase name="softAssert" time="0.018" classname="assertClass.Assertion">
    <failure type="java.lang.AssertionError" message="The following asserts failed:
	expected [true] but found [false]">
      <![CDATA[java.lang.AssertionError: The following asserts failed:
	expected [true] but found [false]
	at assertClass.Assertion.softAssert(Assertion.java:15)
... Removed 26 stack frames]]>
    </failure>
  </testcase> <!-- softAssert -->
  <testcase name="hardAssert" time="0.002" classname="assertClass.Assertion">
    <failure type="java.lang.AssertionError" message="expected [true] but found [false]">
      <![CDATA[java.lang.AssertionError: expected [true] but found [false]
	at assertClass.Assertion.hardAssert(Assertion.java:21)
... Removed 29 stack frames]]>
    </failure>
  </testcase> <!-- hardAssert -->
</testsuite> <!-- Test -->
