<?xml version="1.0" encoding="UTF-8"?>
<!-- Generated by org.testng.reporters.JUnitXMLReporter -->
<testsuite hostname="DEV_DEL_DEEPAK" ignored="0" name="Halfbay App Test" tests="4" failures="0" timestamp="12 Mar 2020 06:53:11 GMT" time="10.082" errors="0">
  <testcase name="@BeforeMethod setUp" time="9.461" classname="com.datadriven.FacebookClass">
    <failure type="org.openqa.selenium.SessionNotCreatedException" message="session not created: This version of ChromeDriver only supports Chrome version 80
Build info: version: &amp;apos;3.141.59&amp;apos;, revision: &amp;apos;e82be7d358&amp;apos;, time: &amp;apos;2018-11-14T08:17:03&amp;apos;
System info: host: &amp;apos;DEV_DEL_DEEPAK&amp;apos;, ip: &amp;apos;192.168.225.72&amp;apos;, os.name: &amp;apos;Windows 10&amp;apos;, os.arch: &amp;apos;amd64&amp;apos;, os.version: &amp;apos;10.0&amp;apos;, java.version: &amp;apos;1.8.0_131&amp;apos;
Driver info: driver.version: ChromeDriver
remote stacktrace: Backtrace:
	Ordinal0 [0x00E10C83+1707139]
	Ordinal0 [0x00D768F1+1075441]
	Ordinal0 [0x00CEDFC9+516041]
	Ordinal0 [0x00C80554+66900]
	Ordinal0 [0x00C7CCE2+52450]
	Ordinal0 [0x00C9BFD7+180183]
	Ordinal0 [0x00C9BDDD+179677]
	Ordinal0 [0x00C99D4B+171339]
	Ordinal0 [0x00C81D4A+73034]
	Ordinal0 [0x00C82DC0+77248]
	Ordinal0 [0x00C82D59+77145]
	Ordinal0 [0x00D8BB67+1162087]
	GetHandleVerifier [0x00EAA966+508998]
	GetHandleVerifier [0x00EAA6A4+508292]
	GetHandleVerifier [0x00EBF7B7+594583]
	GetHandleVerifier [0x00EAB1D6+511158]
	Ordinal0 [0x00D8402C+1130540]
	Ordinal0 [0x00D8D4CB+1168587]
	Ordinal0 [0x00D8D633+1168947]
	Ordinal0 [0x00DA5B35+1268533]
	BaseThreadInitThunk [0x76C86359+25]
	RtlGetAppContainerNamedObjectPath [0x77937A94+228]
	RtlGetAppContainerNamedObjectPath [0x77937A64+180]
">
      <![CDATA[org.openqa.selenium.SessionNotCreatedException: session not created: This version of ChromeDriver only supports Chrome version 80
Build info: version: '3.141.59', revision: 'e82be7d358', time: '2018-11-14T08:17:03'
System info: host: 'DEV_DEL_DEEPAK', ip: '192.168.225.72', os.name: 'Windows 10', os.arch: 'amd64', os.version: '10.0', java.version: '1.8.0_131'
Driver info: driver.version: ChromeDriver
remote stacktrace: Backtrace:
	Ordinal0 [0x00E10C83+1707139]
	Ordinal0 [0x00D768F1+1075441]
	Ordinal0 [0x00CEDFC9+516041]
	Ordinal0 [0x00C80554+66900]
	Ordinal0 [0x00C7CCE2+52450]
	Ordinal0 [0x00C9BFD7+180183]
	Ordinal0 [0x00C9BDDD+179677]
	Ordinal0 [0x00C99D4B+171339]
	Ordinal0 [0x00C81D4A+73034]
	Ordinal0 [0x00C82DC0+77248]
	Ordinal0 [0x00C82D59+77145]
	Ordinal0 [0x00D8BB67+1162087]
	GetHandleVerifier [0x00EAA966+508998]
	GetHandleVerifier [0x00EAA6A4+508292]
	GetHandleVerifier [0x00EBF7B7+594583]
	GetHandleVerifier [0x00EAB1D6+511158]
	Ordinal0 [0x00D8402C+1130540]
	Ordinal0 [0x00D8D4CB+1168587]
	Ordinal0 [0x00D8D633+1168947]
	Ordinal0 [0x00DA5B35+1268533]
	BaseThreadInitThunk [0x76C86359+25]
	RtlGetAppContainerNamedObjectPath [0x77937A94+228]
	RtlGetAppContainerNamedObjectPath [0x77937A64+180]

	at org.openqa.selenium.remote.W3CHandshakeResponse.lambda$errorHandler$0(W3CHandshakeResponse.java:62)
	at org.openqa.selenium.remote.HandshakeResponse.lambda$getResponseFunction$0(HandshakeResponse.java:30)
	at org.openqa.selenium.remote.ProtocolHandshake.lambda$createSession$0(ProtocolHandshake.java:126)
	at java.util.stream.ReferencePipeline$3$1.accept(ReferencePipeline.java:193)
	at java.util.Spliterators$ArraySpliterator.tryAdvance(Spliterators.java:958)
	at java.util.stream.ReferencePipeline.forEachWithCancel(ReferencePipeline.java:126)
	at java.util.stream.AbstractPipeline.copyIntoWithCancel(AbstractPipeline.java:498)
	at java.util.stream.AbstractPipeline.copyInto(AbstractPipeline.java:485)
	at java.util.stream.AbstractPipeline.wrapAndCopyInto(AbstractPipeline.java:471)
	at java.util.stream.FindOps$FindOp.evaluateSequential(FindOps.java:152)
	at java.util.stream.AbstractPipeline.evaluate(AbstractPipeline.java:234)
	at java.util.stream.ReferencePipeline.findFirst(ReferencePipeline.java:464)
	at org.openqa.selenium.remote.ProtocolHandshake.createSession(ProtocolHandshake.java:128)
	at org.openqa.selenium.remote.ProtocolHandshake.createSession(ProtocolHandshake.java:74)
	at org.openqa.selenium.remote.HttpCommandExecutor.execute(HttpCommandExecutor.java:136)
	at org.openqa.selenium.remote.service.DriverCommandExecutor.execute(DriverCommandExecutor.java:83)
	at org.openqa.selenium.remote.RemoteWebDriver.execute(RemoteWebDriver.java:552)
	at org.openqa.selenium.remote.RemoteWebDriver.startSession(RemoteWebDriver.java:213)
	at org.openqa.selenium.remote.RemoteWebDriver.<init>(RemoteWebDriver.java:131)
	at org.openqa.selenium.chrome.ChromeDriver.<init>(ChromeDriver.java:181)
	at org.openqa.selenium.chrome.ChromeDriver.<init>(ChromeDriver.java:168)
	at org.openqa.selenium.chrome.ChromeDriver.<init>(ChromeDriver.java:123)
	at com.datadriven.FacebookClass.setUp(FacebookClass.java:32)
... Removed 31 stack frames]]>
    </failure>
  </testcase> <!-- @BeforeMethod setUp -->
  <testcase name="@BeforeMethod setUp" time="0.0" classname="com.datadriven.FacebookClass">
    <skipped/>
  </testcase> <!-- @BeforeMethod setUp -->
  <testcase name="@BeforeMethod setUp" time="0.0" classname="com.datadriven.FacebookClass">
    <skipped/>
  </testcase> <!-- @BeforeMethod setUp -->
  <testcase name="@BeforeMethod setUp" time="0.0" classname="com.datadriven.FacebookClass">
    <skipped/>
  </testcase> <!-- @BeforeMethod setUp -->
  <testcase name="halfEbayRegPageTest" time="0.001" classname="com.datadriven.FacebookClass">
    <skipped/>
  </testcase> <!-- halfEbayRegPageTest -->
  <testcase name="halfEbayRegPageTest" time="0.0" classname="com.datadriven.FacebookClass">
    <skipped/>
  </testcase> <!-- halfEbayRegPageTest -->
  <testcase name="halfEbayRegPageTest" time="0.0" classname="com.datadriven.FacebookClass">
    <skipped/>
  </testcase> <!-- halfEbayRegPageTest -->
  <testcase name="halfEbayRegPageTest" time="0.0" classname="com.datadriven.FacebookClass">
    <skipped/>
  </testcase> <!-- halfEbayRegPageTest -->
</testsuite> <!-- Halfbay App Test -->
