<?xml version="1.0" encoding="UTF-8"?>
<!-- Generated by org.testng.reporters.JUnitXMLReporter -->
<testsuite hostname="DEV_DEL_DEEPAK" name="login as Employee to check Performance appraisal module" tests="4" failures="1" timestamp="17 Nov 2017 12:36:01 GMT" time="82.463" errors="0">
  <testcase name="verifyHRMSLoginPageHRMS_Employee_Appraisal_SC_06_TC_01" time="10.899" classname="HRMS_ERP_PERFORMANCE_APPRAISAL_SCRIPT.HRMS_ERP_Performance_Appraisal_Employee_Module"/>
  <testcase name="verifyEditAndSaveHRMSLoginPageHRMS_Employee_Appraisal_SC_07_TC_01" time="11.612" classname="HRMS_ERP_PERFORMANCE_APPRAISAL_SCRIPT.HRMS_ERP_Performance_Appraisal_Employee_Module"/>
  <testcase name="verifyDiscardHRMSLoginPageHRMS_Employee_Appraisal_SC_08_TC_01" time="9.931" classname="HRMS_ERP_PERFORMANCE_APPRAISAL_SCRIPT.HRMS_ERP_Performance_Appraisal_Employee_Module"/>
  <testcase name="verifySubmitACRHRMSLoginPageHRMS_Employee_Appraisal_SC_09_TC_01" time="21.137" classname="HRMS_ERP_PERFORMANCE_APPRAISAL_SCRIPT.HRMS_ERP_Performance_Appraisal_Employee_Module">
    <failure type="org.openqa.selenium.TimeoutException" message="Expected condition failed: waiting for visibility of Proxy element for: DefaultElementLocator &amp;apos;By.xpath: //table[@class=&amp;apos;o_list_view table table-condensed table-striped&amp;apos;]/tbody/tr/td[contains(text(),&amp;apos;Swati&amp;apos;)]/following-sibling::td[contains(text(),&amp;apos;Pending Rating&amp;apos;)]&amp;apos; (tried for 10 second(s) with 500 MILLISECONDS interval)">
      <![CDATA[org.openqa.selenium.TimeoutException: Expected condition failed: waiting for visibility of Proxy element for: DefaultElementLocator 'By.xpath: //table[@class='o_list_view table table-condensed table-striped']/tbody/tr/td[contains(text(),'Swati')]/following-sibling::td[contains(text(),'Pending Rating')]' (tried for 10 second(s) with 500 MILLISECONDS interval)
	at org.openqa.selenium.support.ui.WebDriverWait.timeoutException(WebDriverWait.java:80)
	at org.openqa.selenium.support.ui.FluentWait.until(FluentWait.java:232)
	at HRMS_ERP_PERFORMANCE_APPRAISAL.HRMS_ERP_Performance_Appraisal_Employee_Sc_09.getEmployeeApprasialStatus(HRMS_ERP_Performance_Appraisal_Employee_Sc_09.java:115)
	at HRMS_ERP_PERFORMANCE_APPRAISAL_SCRIPT.HRMS_ERP_Performance_Appraisal_Employee_Module.verifySubmitACRHRMSLoginPageHRMS_Employee_Appraisal_SC_09_TC_01(HRMS_ERP_Performance_Appraisal_Employee_Module.java:134)
Caused by: org.openqa.selenium.NoSuchElementException: no such element: Unable to locate element: {"method":"xpath","selector":"//table[@class='o_list_view table table-condensed table-striped']/tbody/tr/td[contains(text(),'Swati')]/following-sibling::td[contains(text(),'Pending Rating')]"}
  (Session info: chrome=62.0.3202.94)
  (Driver info: chromedriver=2.33.506120 (e3e53437346286c0bc2d2dc9aa4915ba81d9023f),platform=Windows NT 10.0.10240 x86_64) (WARNING: The server did not provide any stacktrace information)
Command duration or timeout: 47 milliseconds
For documentation on this error, please visit: http://seleniumhq.org/exceptions/no_such_element.html
Build info: version: 'unknown', revision: 'unknown', time: 'unknown'
System info: host: 'DEV_DEL_DEEPAK', ip: '192.168.141.63', os.name: 'Windows 10', os.arch: 'amd64', os.version: '10.0', java.version: '1.8.0_131'
Driver info: org.openqa.selenium.chrome.ChromeDriver
Capabilities [{applicationCacheEnabled=false, rotatable=false, mobileEmulationEnabled=false, networkConnectionEnabled=false, chrome={chromedriverVersion=2.33.506120 (e3e53437346286c0bc2d2dc9aa4915ba81d9023f), userDataDir=C:\Users\DEEPAK~1.SAI\AppData\Local\Temp\scoped_dir13216_17545}, takesHeapSnapshot=true, pageLoadStrategy=normal, databaseEnabled=false, handlesAlerts=true, hasTouchScreen=false, version=62.0.3202.94, platform=XP, browserConnectionEnabled=false, nativeEvents=true, acceptSslCerts=true, locationContextEnabled=true, webStorageEnabled=true, browserName=chrome, takesScreenshot=true, javascriptEnabled=true, cssSelectorsEnabled=true, setWindowRect=true, unexpectedAlertBehaviour=}]
Session ID: 1da6b7fb2ea32a78157c9de3283ce1f7
*** Element info: {Using=xpath, value=//table[@class='o_list_view table table-condensed table-striped']/tbody/tr/td[contains(text(),'Swati')]/following-sibling::td[contains(text(),'Pending Rating')]}
	at org.openqa.selenium.remote.ErrorHandler.createThrowable(ErrorHandler.java:215)
	at org.openqa.selenium.remote.ErrorHandler.throwIfResponseFailed(ErrorHandler.java:167)
	at org.openqa.selenium.remote.RemoteWebDriver.execute(RemoteWebDriver.java:671)
	at org.openqa.selenium.remote.RemoteWebDriver.findElement(RemoteWebDriver.java:410)
	at org.openqa.selenium.remote.RemoteWebDriver.findElementByXPath(RemoteWebDriver.java:509)
	at org.openqa.selenium.By$ByXPath.findElement(By.java:361)
	at org.openqa.selenium.remote.RemoteWebDriver.findElement(RemoteWebDriver.java:402)
	at org.openqa.selenium.support.pagefactory.DefaultElementLocator.findElement(DefaultElementLocator.java:69)
	at org.openqa.selenium.support.pagefactory.internal.LocatingElementHandler.invoke(LocatingElementHandler.java:38)
	at com.sun.proxy.$Proxy9.isDisplayed(Unknown Source)
	at org.openqa.selenium.support.ui.ExpectedConditions.elementIfVisible(ExpectedConditions.java:302)
	at org.openqa.selenium.support.ui.ExpectedConditions.access$100(ExpectedConditions.java:44)
	at org.openqa.selenium.support.ui.ExpectedConditions$10.apply(ExpectedConditions.java:288)
	at org.openqa.selenium.support.ui.ExpectedConditions$10.apply(ExpectedConditions.java:285)
	at org.openqa.selenium.support.ui.FluentWait.until(FluentWait.java:209)
	... 27 more
... Removed 28 stack frames]]>
    </failure>
  </testcase> <!-- verifySubmitACRHRMSLoginPageHRMS_Employee_Appraisal_SC_09_TC_01 -->
</testsuite> <!-- login as Employee to check Performance appraisal module -->
