<?xml version="1.0" encoding="UTF-8"?>
<!-- Generated by org.testng.reporters.JUnitXMLReporter -->
<testsuite hostname="DEV_DEL_DEEPAK" ignored="8" name="LOGIN AS PAYROLL HR MANAGER" tests="2" failures="0" timestamp="21 Nov 2018 13:39:02 GMT" time="123.641" errors="0">
  <testcase name="@AfterMethod logoutHRMS" time="0.089" classname="HRMS_ERP_UAT_PAYROLL_TEST.LoginAsHRManager">
    <failure type="org.openqa.selenium.WebDriverException" message="unknown error: Element &amp;lt;img class=&amp;quot;img-circle oe_topbar_avatar&amp;quot; src=&amp;quot;http://192.168.126.17:8068/web/image?model=res.users&amp;amp;amp;field=image_small&amp;amp;amp;id=45&amp;quot; style=&amp;quot;color: blue; border: 2px solid Magenta;&amp;quot;&amp;gt; is not clickable at point (1266, 20). Other element would receive the click: &amp;lt;div aria-hidden=&amp;quot;false&amp;quot; class=&amp;quot;modal in&amp;quot; data-backdrop=&amp;quot;static&amp;quot; role=&amp;quot;dialog&amp;quot; tabindex=&amp;quot;-1&amp;quot; id=&amp;quot;modal_27&amp;quot; style=&amp;quot;display: block;&amp;quot;&amp;gt;...&amp;lt;/div&amp;gt;
  (Session info: chrome=70.0.3538.102)
  (Driver info: chromedriver=2.36.540470 (e522d04694c7ebea4ba8821272dbef4f9b818c91),platform=Windows NT 10.0.10240 x86_64) (WARNING: The server did not provide any stacktrace information)
Command duration or timeout: 0 milliseconds
Build info: version: &amp;apos;3.7.1&amp;apos;, revision: &amp;apos;8a0099a&amp;apos;, time: &amp;apos;2017-11-06T21:01:39.354Z&amp;apos;
System info: host: &amp;apos;DEV_DEL_DEEPAK&amp;apos;, ip: &amp;apos;192.168.141.181&amp;apos;, os.name: &amp;apos;Windows 10&amp;apos;, os.arch: &amp;apos;amd64&amp;apos;, os.version: &amp;apos;10.0&amp;apos;, java.version: &amp;apos;1.8.0_131&amp;apos;
Driver info: org.openqa.selenium.chrome.ChromeDriver
Capabilities {acceptInsecureCerts: false, acceptSslCerts: false, applicationCacheEnabled: false, browserConnectionEnabled: false, browserName: chrome, chrome: {chromedriverVersion: 2.36.540470 (e522d04694c7eb..., userDataDir: C:\Users\DEEPAK~1.SAI\AppDa...}, cssSelectorsEnabled: true, databaseEnabled: false, handlesAlerts: true, hasTouchScreen: false, javascriptEnabled: true, locationContextEnabled: true, mobileEmulationEnabled: false, nativeEvents: true, networkConnectionEnabled: false, pageLoadStrategy: normal, platform: XP, platformName: XP, rotatable: false, setWindowRect: true, takesHeapSnapshot: true, takesScreenshot: true, unexpectedAlertBehaviour: , unhandledPromptBehavior: , version: 70.0.3538.102, webStorageEnabled: true}
Session ID: ac71e4c66954b309946be1f92baccd5c">
      <![CDATA[org.openqa.selenium.WebDriverException: unknown error: Element <img class="img-circle oe_topbar_avatar" src="http://192.168.126.17:8068/web/image?model=res.users&amp;field=image_small&amp;id=45" style="color: blue; border: 2px solid Magenta;"> is not clickable at point (1266, 20). Other element would receive the click: <div aria-hidden="false" class="modal in" data-backdrop="static" role="dialog" tabindex="-1" id="modal_27" style="display: block;">...</div>
  (Session info: chrome=70.0.3538.102)
  (Driver info: chromedriver=2.36.540470 (e522d04694c7ebea4ba8821272dbef4f9b818c91),platform=Windows NT 10.0.10240 x86_64) (WARNING: The server did not provide any stacktrace information)
Command duration or timeout: 0 milliseconds
Build info: version: '3.7.1', revision: '8a0099a', time: '2017-11-06T21:01:39.354Z'
System info: host: 'DEV_DEL_DEEPAK', ip: '192.168.141.181', os.name: 'Windows 10', os.arch: 'amd64', os.version: '10.0', java.version: '1.8.0_131'
Driver info: org.openqa.selenium.chrome.ChromeDriver
Capabilities {acceptInsecureCerts: false, acceptSslCerts: false, applicationCacheEnabled: false, browserConnectionEnabled: false, browserName: chrome, chrome: {chromedriverVersion: 2.36.540470 (e522d04694c7eb..., userDataDir: C:\Users\DEEPAK~1.SAI\AppDa...}, cssSelectorsEnabled: true, databaseEnabled: false, handlesAlerts: true, hasTouchScreen: false, javascriptEnabled: true, locationContextEnabled: true, mobileEmulationEnabled: false, nativeEvents: true, networkConnectionEnabled: false, pageLoadStrategy: normal, platform: XP, platformName: XP, rotatable: false, setWindowRect: true, takesHeapSnapshot: true, takesScreenshot: true, unexpectedAlertBehaviour: , unhandledPromptBehavior: , version: 70.0.3538.102, webStorageEnabled: true}
Session ID: ac71e4c66954b309946be1f92baccd5c
	at org.openqa.selenium.remote.ErrorHandler.createThrowable(ErrorHandler.java:214)
	at org.openqa.selenium.remote.ErrorHandler.throwIfResponseFailed(ErrorHandler.java:166)
	at org.openqa.selenium.remote.http.JsonHttpResponseCodec.reconstructValue(JsonHttpResponseCodec.java:40)
	at org.openqa.selenium.remote.http.AbstractHttpResponseCodec.decode(AbstractHttpResponseCodec.java:80)
	at org.openqa.selenium.remote.http.AbstractHttpResponseCodec.decode(AbstractHttpResponseCodec.java:44)
	at org.openqa.selenium.remote.HttpCommandExecutor.execute(HttpCommandExecutor.java:164)
	at org.openqa.selenium.remote.service.DriverCommandExecutor.execute(DriverCommandExecutor.java:83)
	at org.openqa.selenium.remote.RemoteWebDriver.execute(RemoteWebDriver.java:600)
	at org.openqa.selenium.remote.RemoteWebElement.execute(RemoteWebElement.java:279)
	at org.openqa.selenium.remote.RemoteWebElement.click(RemoteWebElement.java:83)
	at HRMS_ERP_UAT_PAYROLL_TEST.LoginAsHRManager.logoutHRMS(LoginAsHRManager.java:36)
... Removed 40 stack frames]]>
    </failure>
  </testcase> <!-- @AfterMethod logoutHRMS -->
  <testcase name="UAT_HRMS_PAY_9" time="53.567" classname="HRMS_ERP_UAT_PAYROLL_TEST.LoginAsHRManager"/>
  <testcase name="UAT_HRMS_PAY_10" time="56.625" classname="HRMS_ERP_UAT_PAYROLL_TEST.LoginAsHRManager"/>
  <testcase name="UAT_HRMS_PAY_6" time="0.0" classname="HRMS_ERP_UAT_PAYROLL_TEST.LoginAsHRManager">
    <ignored/>
  </testcase> <!-- UAT_HRMS_PAY_6 -->
  <testcase name="UAT_HRMS_PAY_7" time="0.0" classname="HRMS_ERP_UAT_PAYROLL_TEST.LoginAsHRManager">
    <ignored/>
  </testcase> <!-- UAT_HRMS_PAY_7 -->
  <testcase name="UAT_HRMS_PAY_8" time="0.0" classname="HRMS_ERP_UAT_PAYROLL_TEST.LoginAsHRManager">
    <ignored/>
  </testcase> <!-- UAT_HRMS_PAY_8 -->
  <testcase name="UAT_HRMS_PAY_1" time="0.0" classname="HRMS_ERP_UAT_PAYROLL_TEST.LoginAsHRManager">
    <ignored/>
  </testcase> <!-- UAT_HRMS_PAY_1 -->
  <testcase name="UAT_HRMS_PAY_2" time="0.0" classname="HRMS_ERP_UAT_PAYROLL_TEST.LoginAsHRManager">
    <ignored/>
  </testcase> <!-- UAT_HRMS_PAY_2 -->
  <testcase name="UAT_HRMS_PAY_3" time="0.0" classname="HRMS_ERP_UAT_PAYROLL_TEST.LoginAsHRManager">
    <ignored/>
  </testcase> <!-- UAT_HRMS_PAY_3 -->
  <testcase name="UAT_HRMS_PAY_4" time="0.0" classname="HRMS_ERP_UAT_PAYROLL_TEST.LoginAsHRManager">
    <ignored/>
  </testcase> <!-- UAT_HRMS_PAY_4 -->
  <testcase name="UAT_HRMS_PAY_5" time="0.0" classname="HRMS_ERP_UAT_PAYROLL_TEST.LoginAsHRManager">
    <ignored/>
  </testcase> <!-- UAT_HRMS_PAY_5 -->
</testsuite> <!-- LOGIN AS PAYROLL HR MANAGER -->
