<?xml version="1.0" encoding="UTF-8"?>
<!-- Generated by org.testng.reporters.JUnitXMLReporter -->
<testsuite hostname="DEV_DEL_DEEPAK" ignored="0" name="LOGIN AS VRS EMPLOYEE" tests="9" failures="0" timestamp="21 Nov 2018 06:34:22 GMT" time="20.494" errors="0">
  <testcase name="@BeforeMethod openBrowser" time="19.127" classname="HRMS_URL_Page.HRMS_URL">
    <failure type="org.openqa.selenium.WebDriverException" message="chrome not reachable
  (Session info: chrome=70.0.3538.102)
  (Driver info: chromedriver=2.36.540470 (e522d04694c7ebea4ba8821272dbef4f9b818c91),platform=Windows NT 10.0.10240 x86_64) (WARNING: The server did not provide any stacktrace information)
Command duration or timeout: 0 milliseconds
Build info: version: &amp;apos;3.7.1&amp;apos;, revision: &amp;apos;8a0099a&amp;apos;, time: &amp;apos;2017-11-06T21:01:39.354Z&amp;apos;
System info: host: &amp;apos;DEV_DEL_DEEPAK&amp;apos;, ip: &amp;apos;192.168.141.181&amp;apos;, os.name: &amp;apos;Windows 10&amp;apos;, os.arch: &amp;apos;amd64&amp;apos;, os.version: &amp;apos;10.0&amp;apos;, java.version: &amp;apos;1.8.0_131&amp;apos;
Driver info: org.openqa.selenium.chrome.ChromeDriver
Capabilities {acceptInsecureCerts: false, acceptSslCerts: false, applicationCacheEnabled: false, browserConnectionEnabled: false, browserName: chrome, chrome: {chromedriverVersion: 2.36.540470 (e522d04694c7eb..., userDataDir: C:\Users\DEEPAK~1.SAI\AppDa...}, cssSelectorsEnabled: true, databaseEnabled: false, handlesAlerts: true, hasTouchScreen: false, javascriptEnabled: true, locationContextEnabled: true, mobileEmulationEnabled: false, nativeEvents: true, networkConnectionEnabled: false, pageLoadStrategy: normal, platform: XP, platformName: XP, rotatable: false, setWindowRect: true, takesHeapSnapshot: true, takesScreenshot: true, unexpectedAlertBehaviour: , unhandledPromptBehavior: , version: 70.0.3538.102, webStorageEnabled: true}
Session ID: 8ceeb7bdc4b2ed3367897da227125788">
      <![CDATA[org.openqa.selenium.WebDriverException: chrome not reachable
  (Session info: chrome=70.0.3538.102)
  (Driver info: chromedriver=2.36.540470 (e522d04694c7ebea4ba8821272dbef4f9b818c91),platform=Windows NT 10.0.10240 x86_64) (WARNING: The server did not provide any stacktrace information)
Command duration or timeout: 0 milliseconds
Build info: version: '3.7.1', revision: '8a0099a', time: '2017-11-06T21:01:39.354Z'
System info: host: 'DEV_DEL_DEEPAK', ip: '192.168.141.181', os.name: 'Windows 10', os.arch: 'amd64', os.version: '10.0', java.version: '1.8.0_131'
Driver info: org.openqa.selenium.chrome.ChromeDriver
Capabilities {acceptInsecureCerts: false, acceptSslCerts: false, applicationCacheEnabled: false, browserConnectionEnabled: false, browserName: chrome, chrome: {chromedriverVersion: 2.36.540470 (e522d04694c7eb..., userDataDir: C:\Users\DEEPAK~1.SAI\AppDa...}, cssSelectorsEnabled: true, databaseEnabled: false, handlesAlerts: true, hasTouchScreen: false, javascriptEnabled: true, locationContextEnabled: true, mobileEmulationEnabled: false, nativeEvents: true, networkConnectionEnabled: false, pageLoadStrategy: normal, platform: XP, platformName: XP, rotatable: false, setWindowRect: true, takesHeapSnapshot: true, takesScreenshot: true, unexpectedAlertBehaviour: , unhandledPromptBehavior: , version: 70.0.3538.102, webStorageEnabled: true}
Session ID: 8ceeb7bdc4b2ed3367897da227125788
	at org.openqa.selenium.remote.ErrorHandler.createThrowable(ErrorHandler.java:214)
	at org.openqa.selenium.remote.ErrorHandler.throwIfResponseFailed(ErrorHandler.java:166)
	at org.openqa.selenium.remote.http.JsonHttpResponseCodec.reconstructValue(JsonHttpResponseCodec.java:40)
	at org.openqa.selenium.remote.http.AbstractHttpResponseCodec.decode(AbstractHttpResponseCodec.java:80)
	at org.openqa.selenium.remote.http.AbstractHttpResponseCodec.decode(AbstractHttpResponseCodec.java:44)
	at org.openqa.selenium.remote.HttpCommandExecutor.execute(HttpCommandExecutor.java:164)
	at org.openqa.selenium.remote.service.DriverCommandExecutor.execute(DriverCommandExecutor.java:83)
	at org.openqa.selenium.remote.RemoteWebDriver.execute(RemoteWebDriver.java:600)
	at org.openqa.selenium.remote.RemoteWebDriver.get(RemoteWebDriver.java:324)
	at org.openqa.selenium.remote.RemoteWebDriver$RemoteNavigation.to(RemoteWebDriver.java:911)
	at HRMS_URL_Page.HRMS_URL.openBrowser(HRMS_URL.java:25)
... Removed 40 stack frames]]>
    </failure>
  </testcase> <!-- @BeforeMethod openBrowser -->
  <testcase name="@BeforeMethod openBrowser" time="0.0" classname="HRMS_URL_Page.HRMS_URL">
    <skipped/>
  </testcase> <!-- @BeforeMethod openBrowser -->
  <testcase name="@BeforeMethod openBrowser" time="0.0" classname="HRMS_URL_Page.HRMS_URL">
    <skipped/>
  </testcase> <!-- @BeforeMethod openBrowser -->
  <testcase name="@BeforeMethod openBrowser" time="0.0" classname="HRMS_URL_Page.HRMS_URL">
    <skipped/>
  </testcase> <!-- @BeforeMethod openBrowser -->
  <testcase name="@BeforeMethod openBrowser" time="0.0" classname="HRMS_URL_Page.HRMS_URL">
    <skipped/>
  </testcase> <!-- @BeforeMethod openBrowser -->
  <testcase name="@BeforeMethod openBrowser" time="0.0" classname="HRMS_URL_Page.HRMS_URL">
    <skipped/>
  </testcase> <!-- @BeforeMethod openBrowser -->
  <testcase name="@BeforeMethod openBrowser" time="0.0" classname="HRMS_URL_Page.HRMS_URL">
    <skipped/>
  </testcase> <!-- @BeforeMethod openBrowser -->
  <testcase name="@BeforeMethod openBrowser" time="0.0" classname="HRMS_URL_Page.HRMS_URL">
    <skipped/>
  </testcase> <!-- @BeforeMethod openBrowser -->
  <testcase name="@BeforeMethod openBrowser" time="0.0" classname="HRMS_URL_Page.HRMS_URL">
    <skipped/>
  </testcase> <!-- @BeforeMethod openBrowser -->
  <testcase name="UAT_HRMS_VRS_1" time="0.0" classname="HRMS_ERP_UAT_VRS_TEST.LoginAsEmployee">
    <skipped/>
  </testcase> <!-- UAT_HRMS_VRS_1 -->
  <testcase name="UAT_HRMS_VRS_24" time="0.0" classname="HRMS_ERP_UAT_VRS_TEST.LoginAsEmployee">
    <skipped/>
  </testcase> <!-- UAT_HRMS_VRS_24 -->
  <testcase name="UAT_HRMS_VRS_2" time="0.0" classname="HRMS_ERP_UAT_VRS_TEST.LoginAsEmployee">
    <skipped/>
  </testcase> <!-- UAT_HRMS_VRS_2 -->
  <testcase name="UAT_HRMS_VRS_25" time="0.0" classname="HRMS_ERP_UAT_VRS_TEST.LoginAsEmployee">
    <skipped/>
  </testcase> <!-- UAT_HRMS_VRS_25 -->
  <testcase name="UAT_HRMS_VRS_26" time="0.0" classname="HRMS_ERP_UAT_VRS_TEST.LoginAsEmployee">
    <skipped/>
  </testcase> <!-- UAT_HRMS_VRS_26 -->
  <testcase name="UAT_HRMS_VRS_3" time="0.0" classname="HRMS_ERP_UAT_VRS_TEST.LoginAsEmployee">
    <skipped/>
  </testcase> <!-- UAT_HRMS_VRS_3 -->
  <testcase name="UAT_HRMS_VRS_4" time="0.0" classname="HRMS_ERP_UAT_VRS_TEST.LoginAsEmployee">
    <skipped/>
  </testcase> <!-- UAT_HRMS_VRS_4 -->
  <testcase name="UAT_HRMS_VRS_6" time="0.0" classname="HRMS_ERP_UAT_VRS_TEST.LoginAsEmployee">
    <skipped/>
  </testcase> <!-- UAT_HRMS_VRS_6 -->
  <testcase name="UAT_HRMS_VRS_5" time="0.0" classname="HRMS_ERP_UAT_VRS_TEST.LoginAsEmployee">
    <skipped/>
  </testcase> <!-- UAT_HRMS_VRS_5 -->
</testsuite> <!-- LOGIN AS VRS EMPLOYEE -->
