<?xml version="1.0" encoding="UTF-8"?>
<!-- Generated by org.testng.reporters.JUnitXMLReporter -->
<testsuite hostname="DEV_DEL_DEEPAK" ignored="0" name="LOGIN AS AA Technical Officer" tests="14" failures="0" timestamp="12 Dec 2018 04:58:47 GMT" time="39.96" errors="0">
  <testcase name="@BeforeMethod openBrowser" time="9.619" classname="HRMS_URL_Page.HRMS_URL">
    <failure type="org.openqa.selenium.NoSuchWindowException" message="no such window: target window already closed
from unknown error: web view not found
  (Session info: chrome=70.0.3538.110)
  (Driver info: chromedriver=2.36.540470 (e522d04694c7ebea4ba8821272dbef4f9b818c91),platform=Windows NT 10.0.10240 x86_64) (WARNING: The server did not provide any stacktrace information)
Command duration or timeout: 0 milliseconds
Build info: version: &amp;apos;3.7.1&amp;apos;, revision: &amp;apos;8a0099a&amp;apos;, time: &amp;apos;2017-11-06T21:01:39.354Z&amp;apos;
System info: host: &amp;apos;DEV_DEL_DEEPAK&amp;apos;, ip: &amp;apos;192.168.141.63&amp;apos;, os.name: &amp;apos;Windows 10&amp;apos;, os.arch: &amp;apos;amd64&amp;apos;, os.version: &amp;apos;10.0&amp;apos;, java.version: &amp;apos;1.8.0_131&amp;apos;
Driver info: org.openqa.selenium.chrome.ChromeDriver
Capabilities {acceptInsecureCerts: false, acceptSslCerts: false, applicationCacheEnabled: false, browserConnectionEnabled: false, browserName: chrome, chrome: {chromedriverVersion: 2.36.540470 (e522d04694c7eb..., userDataDir: C:\Users\DEEPAK~1.SAI\AppDa...}, cssSelectorsEnabled: true, databaseEnabled: false, handlesAlerts: true, hasTouchScreen: false, javascriptEnabled: true, locationContextEnabled: true, mobileEmulationEnabled: false, nativeEvents: true, networkConnectionEnabled: false, pageLoadStrategy: normal, platform: XP, platformName: XP, rotatable: false, setWindowRect: true, takesHeapSnapshot: true, takesScreenshot: true, unexpectedAlertBehaviour: , unhandledPromptBehavior: , version: 70.0.3538.110, webStorageEnabled: true}
Session ID: 25161be4143e7f005a7ba22ddb32e02d">
      <![CDATA[org.openqa.selenium.NoSuchWindowException: no such window: target window already closed
from unknown error: web view not found
  (Session info: chrome=70.0.3538.110)
  (Driver info: chromedriver=2.36.540470 (e522d04694c7ebea4ba8821272dbef4f9b818c91),platform=Windows NT 10.0.10240 x86_64) (WARNING: The server did not provide any stacktrace information)
Command duration or timeout: 0 milliseconds
Build info: version: '3.7.1', revision: '8a0099a', time: '2017-11-06T21:01:39.354Z'
System info: host: 'DEV_DEL_DEEPAK', ip: '192.168.141.63', os.name: 'Windows 10', os.arch: 'amd64', os.version: '10.0', java.version: '1.8.0_131'
Driver info: org.openqa.selenium.chrome.ChromeDriver
Capabilities {acceptInsecureCerts: false, acceptSslCerts: false, applicationCacheEnabled: false, browserConnectionEnabled: false, browserName: chrome, chrome: {chromedriverVersion: 2.36.540470 (e522d04694c7eb..., userDataDir: C:\Users\DEEPAK~1.SAI\AppDa...}, cssSelectorsEnabled: true, databaseEnabled: false, handlesAlerts: true, hasTouchScreen: false, javascriptEnabled: true, locationContextEnabled: true, mobileEmulationEnabled: false, nativeEvents: true, networkConnectionEnabled: false, pageLoadStrategy: normal, platform: XP, platformName: XP, rotatable: false, setWindowRect: true, takesHeapSnapshot: true, takesScreenshot: true, unexpectedAlertBehaviour: , unhandledPromptBehavior: , version: 70.0.3538.110, webStorageEnabled: true}
Session ID: 25161be4143e7f005a7ba22ddb32e02d
	at org.openqa.selenium.remote.ErrorHandler.createThrowable(ErrorHandler.java:214)
	at org.openqa.selenium.remote.ErrorHandler.throwIfResponseFailed(ErrorHandler.java:166)
	at org.openqa.selenium.remote.http.JsonHttpResponseCodec.reconstructValue(JsonHttpResponseCodec.java:40)
	at org.openqa.selenium.remote.http.AbstractHttpResponseCodec.decode(AbstractHttpResponseCodec.java:80)
	at org.openqa.selenium.remote.http.AbstractHttpResponseCodec.decode(AbstractHttpResponseCodec.java:44)
	at org.openqa.selenium.remote.HttpCommandExecutor.execute(HttpCommandExecutor.java:164)
	at org.openqa.selenium.remote.service.DriverCommandExecutor.execute(DriverCommandExecutor.java:83)
	at org.openqa.selenium.remote.RemoteWebDriver.execute(RemoteWebDriver.java:600)
	at org.openqa.selenium.remote.RemoteWebDriver.get(RemoteWebDriver.java:324)
	at org.openqa.selenium.remote.RemoteWebDriver$RemoteNavigation.to(RemoteWebDriver.java:911)
	at HRMS_URL_Page.HRMS_URL.openBrowser(HRMS_URL.java:25)
... Removed 40 stack frames]]>
    </failure>
  </testcase> <!-- @BeforeMethod openBrowser -->
  <testcase name="@BeforeMethod openBrowser" time="0.0" classname="HRMS_URL_Page.HRMS_URL">
    <skipped/>
  </testcase> <!-- @BeforeMethod openBrowser -->
  <testcase name="@BeforeMethod openBrowser" time="0.0" classname="HRMS_URL_Page.HRMS_URL">
    <skipped/>
  </testcase> <!-- @BeforeMethod openBrowser -->
  <testcase name="@BeforeMethod openBrowser" time="0.0" classname="HRMS_URL_Page.HRMS_URL">
    <skipped/>
  </testcase> <!-- @BeforeMethod openBrowser -->
  <testcase name="@BeforeMethod openBrowser" time="0.0" classname="HRMS_URL_Page.HRMS_URL">
    <skipped/>
  </testcase> <!-- @BeforeMethod openBrowser -->
  <testcase name="@BeforeMethod openBrowser" time="0.0" classname="HRMS_URL_Page.HRMS_URL">
    <skipped/>
  </testcase> <!-- @BeforeMethod openBrowser -->
  <testcase name="@BeforeMethod openBrowser" time="0.0" classname="HRMS_URL_Page.HRMS_URL">
    <skipped/>
  </testcase> <!-- @BeforeMethod openBrowser -->
  <testcase name="@BeforeMethod openBrowser" time="0.0" classname="HRMS_URL_Page.HRMS_URL">
    <skipped/>
  </testcase> <!-- @BeforeMethod openBrowser -->
  <testcase name="@BeforeMethod openBrowser" time="0.0" classname="HRMS_URL_Page.HRMS_URL">
    <skipped/>
  </testcase> <!-- @BeforeMethod openBrowser -->
  <testcase name="@BeforeMethod openBrowser" time="0.0" classname="HRMS_URL_Page.HRMS_URL">
    <skipped/>
  </testcase> <!-- @BeforeMethod openBrowser -->
  <testcase name="@BeforeMethod openBrowser" time="0.0" classname="HRMS_URL_Page.HRMS_URL">
    <skipped/>
  </testcase> <!-- @BeforeMethod openBrowser -->
  <testcase name="@BeforeMethod openBrowser" time="0.0" classname="HRMS_URL_Page.HRMS_URL">
    <skipped/>
  </testcase> <!-- @BeforeMethod openBrowser -->
  <testcase name="@BeforeMethod openBrowser" time="0.0" classname="HRMS_URL_Page.HRMS_URL">
    <skipped/>
  </testcase> <!-- @BeforeMethod openBrowser -->
  <testcase name="UAT_Finance_AA_26" time="11.089" classname="HRMS_ERP_UAT_TECHNICAL_SECTION.LoginAsHOD"/>
  <testcase name="UAT_Finance_AA_35" time="0.0" classname="HRMS_ERP_UAT_TECHNICAL_SECTION.LoginAsHOD">
    <skipped/>
  </testcase> <!-- UAT_Finance_AA_35 -->
  <testcase name="UAT_Finance_AA_27" time="0.0" classname="HRMS_ERP_UAT_TECHNICAL_SECTION.LoginAsHOD">
    <skipped/>
  </testcase> <!-- UAT_Finance_AA_27 -->
  <testcase name="UAT_Finance_AA_36" time="0.0" classname="HRMS_ERP_UAT_TECHNICAL_SECTION.LoginAsHOD">
    <skipped/>
  </testcase> <!-- UAT_Finance_AA_36 -->
  <testcase name="UAT_Finance_AA_28" time="0.0" classname="HRMS_ERP_UAT_TECHNICAL_SECTION.LoginAsHOD">
    <skipped/>
  </testcase> <!-- UAT_Finance_AA_28 -->
  <testcase name="UAT_Finance_AA_37" time="0.0" classname="HRMS_ERP_UAT_TECHNICAL_SECTION.LoginAsHOD">
    <skipped/>
  </testcase> <!-- UAT_Finance_AA_37 -->
  <testcase name="UAT_Finance_AA_38" time="0.0" classname="HRMS_ERP_UAT_TECHNICAL_SECTION.LoginAsHOD">
    <skipped/>
  </testcase> <!-- UAT_Finance_AA_38 -->
  <testcase name="UAT_Finance_AA_29" time="0.0" classname="HRMS_ERP_UAT_TECHNICAL_SECTION.LoginAsHOD">
    <skipped/>
  </testcase> <!-- UAT_Finance_AA_29 -->
  <testcase name="UAT_Finance_AA_39" time="0.0" classname="HRMS_ERP_UAT_TECHNICAL_SECTION.LoginAsHOD">
    <skipped/>
  </testcase> <!-- UAT_Finance_AA_39 -->
  <testcase name="UAT_Finance_AA_30" time="0.0" classname="HRMS_ERP_UAT_TECHNICAL_SECTION.LoginAsHOD">
    <skipped/>
  </testcase> <!-- UAT_Finance_AA_30 -->
  <testcase name="UAT_Finance_AA_31" time="0.0" classname="HRMS_ERP_UAT_TECHNICAL_SECTION.LoginAsHOD">
    <skipped/>
  </testcase> <!-- UAT_Finance_AA_31 -->
  <testcase name="UAT_Finance_AA_32" time="0.0" classname="HRMS_ERP_UAT_TECHNICAL_SECTION.LoginAsHOD">
    <skipped/>
  </testcase> <!-- UAT_Finance_AA_32 -->
  <testcase name="UAT_Finance_AA_33" time="0.0" classname="HRMS_ERP_UAT_TECHNICAL_SECTION.LoginAsHOD">
    <skipped/>
  </testcase> <!-- UAT_Finance_AA_33 -->
  <testcase name="UAT_Finance_AA_34" time="0.0" classname="HRMS_ERP_UAT_TECHNICAL_SECTION.LoginAsHOD">
    <skipped/>
  </testcase> <!-- UAT_Finance_AA_34 -->
</testsuite> <!-- LOGIN AS AA Technical Officer -->
