<?xml version="1.0" encoding="UTF-8"?>
<!-- Generated by org.testng.reporters.JUnitXMLReporter -->
<testsuite hostname="DEV_DEL_DEEPAK" ignored="0" name="LOGIN AS TOUR EMPLOYEE" tests="5" failures="1" timestamp="29 Nov 2018 05:27:48 GMT" time="47.463" errors="0">
  <testcase name="@AfterMethod logoutHRMS" time="4.07" classname="HRMS_ERP_UAT_TOUR_TEST.LoginAsFM">
    <failure type="org.openqa.selenium.WebDriverException" message="chrome not reachable
  (Session info: chrome=70.0.3538.110)
  (Driver info: chromedriver=2.36.540470 (e522d04694c7ebea4ba8821272dbef4f9b818c91),platform=Windows NT 10.0.10240 x86_64) (WARNING: The server did not provide any stacktrace information)
Command duration or timeout: 0 milliseconds
Build info: version: &amp;apos;3.7.1&amp;apos;, revision: &amp;apos;8a0099a&amp;apos;, time: &amp;apos;2017-11-06T21:01:39.354Z&amp;apos;
System info: host: &amp;apos;DEV_DEL_DEEPAK&amp;apos;, ip: &amp;apos;192.168.141.63&amp;apos;, os.name: &amp;apos;Windows 10&amp;apos;, os.arch: &amp;apos;amd64&amp;apos;, os.version: &amp;apos;10.0&amp;apos;, java.version: &amp;apos;1.8.0_131&amp;apos;
Driver info: org.openqa.selenium.chrome.ChromeDriver
Capabilities {acceptInsecureCerts: false, acceptSslCerts: false, applicationCacheEnabled: false, browserConnectionEnabled: false, browserName: chrome, chrome: {chromedriverVersion: 2.36.540470 (e522d04694c7eb..., userDataDir: C:\Users\DEEPAK~1.SAI\AppDa...}, cssSelectorsEnabled: true, databaseEnabled: false, handlesAlerts: true, hasTouchScreen: false, javascriptEnabled: true, locationContextEnabled: true, mobileEmulationEnabled: false, nativeEvents: true, networkConnectionEnabled: false, pageLoadStrategy: normal, platform: XP, platformName: XP, rotatable: false, setWindowRect: true, takesHeapSnapshot: true, takesScreenshot: true, unexpectedAlertBehaviour: , unhandledPromptBehavior: , version: 70.0.3538.110, webStorageEnabled: true}
Session ID: be07a0703237645d00dcc370fb070bff
*** Element info: {Using=xpath, value=//header[@role=&amp;apos;banner&amp;apos;]/nav/div/ul/li/a/img}">
      <![CDATA[org.openqa.selenium.WebDriverException: chrome not reachable
  (Session info: chrome=70.0.3538.110)
  (Driver info: chromedriver=2.36.540470 (e522d04694c7ebea4ba8821272dbef4f9b818c91),platform=Windows NT 10.0.10240 x86_64) (WARNING: The server did not provide any stacktrace information)
Command duration or timeout: 0 milliseconds
Build info: version: '3.7.1', revision: '8a0099a', time: '2017-11-06T21:01:39.354Z'
System info: host: 'DEV_DEL_DEEPAK', ip: '192.168.141.63', os.name: 'Windows 10', os.arch: 'amd64', os.version: '10.0', java.version: '1.8.0_131'
Driver info: org.openqa.selenium.chrome.ChromeDriver
Capabilities {acceptInsecureCerts: false, acceptSslCerts: false, applicationCacheEnabled: false, browserConnectionEnabled: false, browserName: chrome, chrome: {chromedriverVersion: 2.36.540470 (e522d04694c7eb..., userDataDir: C:\Users\DEEPAK~1.SAI\AppDa...}, cssSelectorsEnabled: true, databaseEnabled: false, handlesAlerts: true, hasTouchScreen: false, javascriptEnabled: true, locationContextEnabled: true, mobileEmulationEnabled: false, nativeEvents: true, networkConnectionEnabled: false, pageLoadStrategy: normal, platform: XP, platformName: XP, rotatable: false, setWindowRect: true, takesHeapSnapshot: true, takesScreenshot: true, unexpectedAlertBehaviour: , unhandledPromptBehavior: , version: 70.0.3538.110, webStorageEnabled: true}
Session ID: be07a0703237645d00dcc370fb070bff
*** Element info: {Using=xpath, value=//header[@role='banner']/nav/div/ul/li/a/img}
	at org.openqa.selenium.remote.ErrorHandler.createThrowable(ErrorHandler.java:214)
	at org.openqa.selenium.remote.ErrorHandler.throwIfResponseFailed(ErrorHandler.java:166)
	at org.openqa.selenium.remote.http.JsonHttpResponseCodec.reconstructValue(JsonHttpResponseCodec.java:40)
	at org.openqa.selenium.remote.http.AbstractHttpResponseCodec.decode(AbstractHttpResponseCodec.java:80)
	at org.openqa.selenium.remote.http.AbstractHttpResponseCodec.decode(AbstractHttpResponseCodec.java:44)
	at org.openqa.selenium.remote.HttpCommandExecutor.execute(HttpCommandExecutor.java:164)
	at org.openqa.selenium.remote.service.DriverCommandExecutor.execute(DriverCommandExecutor.java:83)
	at org.openqa.selenium.remote.RemoteWebDriver.execute(RemoteWebDriver.java:600)
	at org.openqa.selenium.remote.RemoteWebDriver.findElement(RemoteWebDriver.java:370)
	at org.openqa.selenium.remote.RemoteWebDriver.findElementByXPath(RemoteWebDriver.java:472)
	at org.openqa.selenium.By$ByXPath.findElement(By.java:361)
	at org.openqa.selenium.remote.RemoteWebDriver.findElement(RemoteWebDriver.java:362)
	at HRMS_ERP_UAT_TOUR_TEST.LoginAsFM.logoutHRMS(LoginAsFM.java:37)
... Removed 40 stack frames]]>
    </failure>
  </testcase> <!-- @AfterMethod logoutHRMS -->
  <testcase name="@BeforeMethod openBrowser" time="0.0" classname="HRMS_URL_Page.HRMS_URL">
    <skipped/>
  </testcase> <!-- @BeforeMethod openBrowser -->
  <testcase name="@BeforeMethod openBrowser" time="0.0" classname="HRMS_URL_Page.HRMS_URL">
    <skipped/>
  </testcase> <!-- @BeforeMethod openBrowser -->
  <testcase name="@BeforeMethod openBrowser" time="0.0" classname="HRMS_URL_Page.HRMS_URL">
    <skipped/>
  </testcase> <!-- @BeforeMethod openBrowser -->
  <testcase name="UAT_HRMS_TOUR_34" time="10.22" classname="HRMS_ERP_UAT_TOUR_TEST.LoginAsFM"/>
  <testcase name="UAT_HRMS_TOUR_35" time="11.234" classname="HRMS_ERP_UAT_TOUR_TEST.LoginAsFM">
    <failure type="java.lang.AssertionError" message="Timeout waiting for Page Load Request to complete.">
      <![CDATA[java.lang.AssertionError: Timeout waiting for Page Load Request to complete.
	at GenericLibrary.WebdriverCommonDriverLibrary.waitForPageLoad(WebdriverCommonDriverLibrary.java:610)
	at HRMS_LOGINPAGE.LoginPageHRMS.hrms_FM(LoginPageHRMS.java:336)
	at HRMS_ERP_UAT_TOUR_TEST.LoginAsFM.UAT_HRMS_TOUR_35(LoginAsFM.java:71)
... Removed 35 stack frames]]>
    </failure>
  </testcase> <!-- UAT_HRMS_TOUR_35 -->
  <testcase name="UAT_HRMS_TOUR_36" time="0.0" classname="HRMS_ERP_UAT_TOUR_TEST.LoginAsFM">
    <skipped/>
  </testcase> <!-- UAT_HRMS_TOUR_36 -->
  <testcase name="UAT_HRMS_TOUR_37" time="0.0" classname="HRMS_ERP_UAT_TOUR_TEST.LoginAsFM">
    <skipped/>
  </testcase> <!-- UAT_HRMS_TOUR_37 -->
  <testcase name="UAT_HRMS_TOUR_38" time="0.0" classname="HRMS_ERP_UAT_TOUR_TEST.LoginAsFM">
    <skipped/>
  </testcase> <!-- UAT_HRMS_TOUR_38 -->
</testsuite> <!-- LOGIN AS TOUR EMPLOYEE -->
