<html>
<head>
<title>TestNG:  login as Employee to check Performance appraisal module</title>
<link href="../testng.css" rel="stylesheet" type="text/css" />
<link href="../my-testng.css" rel="stylesheet" type="text/css" />

<style type="text/css">
.log { display: none;} 
.stack-trace { display: none;} 
</style>
<script type="text/javascript">
<!--
function flip(e) {
  current = e.style.display;
  if (current == 'block') {
    e.style.display = 'none';
    return 0;
  }
  else {
    e.style.display = 'block';
    return 1;
  }
}

function toggleBox(szDivId, elem, msg1, msg2)
{
  var res = -1;  if (document.getElementById) {
    res = flip(document.getElementById(szDivId));
  }
  else if (document.all) {
    // this is the way old msie versions work
    res = flip(document.all[szDivId]);
  }
  if(elem) {
    if(res == 0) elem.innerHTML = msg1; else elem.innerHTML = msg2;
  }

}

function toggleAllBoxes() {
  if (document.getElementsByTagName) {
    d = document.getElementsByTagName('div');
    for (i = 0; i < d.length; i++) {
      if (d[i].className == 'log') {
        flip(d[i]);
      }
    }
  }
}

// -->
</script>

</head>
<body>
<h2 align='center'>login as Employee to check Performance appraisal module</h2><table border='1' align="center">
<tr>
<td>Tests passed/Failed/Skipped:</td><td>3/1/0</td>
</tr><tr>
<td>Started on:</td><td>Fri Nov 17 18:04:39 IST 2017</td>
</tr>
<tr><td>Total time:</td><td>82 seconds (82463 ms)</td>
</tr><tr>
<td>Included groups:</td><td></td>
</tr><tr>
<td>Excluded groups:</td><td></td>
</tr>
</table><p/>
<small><i>(Hover the method name to see the test class name)</i></small><p/>
<table width='100%' border='1' class='invocation-failed'>
<tr><td colspan='4' align='center'><b>FAILED TESTS</b></td></tr>
<tr><td><b>Test method</b></td>
<td width="30%"><b>Exception</b></td>
<td width="10%"><b>Time (seconds)</b></td>
<td><b>Instance</b></td>
</tr>
<tr>
<td title='HRMS_ERP_PERFORMANCE_APPRAISAL_SCRIPT.HRMS_ERP_Performance_Appraisal_Employee_Module.verifySubmitACRHRMSLoginPageHRMS_Employee_Appraisal_SC_09_TC_01()'><b>verifySubmitACRHRMSLoginPageHRMS_Employee_Appraisal_SC_09_TC_01</b><br>Test class: HRMS_ERP_PERFORMANCE_APPRAISAL_SCRIPT.HRMS_ERP_Performance_Appraisal_Employee_Module<br>Test method: HRMS_Employee_Appraisal_SC_09_TC_01<br>Parameters: swati@gmail.com, Nrda@1234567<br/>
<a href="#Output-1300576734" onClick='toggleBox("Output-1300576734", this, "Show output", "Hide output");'>Show output</a>

<a href="#Output-1300576734" onClick="toggleAllBoxes();">Show all outputs</a>
<div class='log' id="Output-1300576734">
Email ID:swati@gmail.com<br/>
Password:Nrda@1234567<br/>
click on Login button successfully<br/>
click on discuss image successfully<br/>
click on Self Service Image Successfully<br/>
click on Service Dropdown Successfully<br/>
Expected result:Appraisal<br/>
click on Sub-Menu Appraisal under Service Dropdown Menu Successfully<br/>
click on Employee name for edit successfuly<br/>
click on Submit ACR button successfuly<br/>
click on Service Dropdown Successfully<br/>
click on Sub-Menu Appraisal under Service Dropdown Menu Successfully<br/>
<img src="file://C:\ILFS\NRDA\workspace\NRDA_FRAMEWORK\HRMS_PROJECT\Failure_Screenshot\verifySubmitACRHRMSLoginPageHRMS_Employee_Appraisal_SC_09_TC_01 Nov 17   18.06.00.png" alt=""/><br/>
</div>
</td>
<td><div><pre>org.openqa.selenium.TimeoutException: Expected condition failed: waiting for visibility of Proxy element for: DefaultElementLocator &apos;By.xpath: //table[@class=&apos;o_list_view table table-condensed table-striped&apos;]/tbody/tr/td[contains(text(),&apos;Swati&apos;)]/following-sibling::td[contains(text(),&apos;Pending Rating&apos;)]&apos; (tried for 10 second(s) with 500 MILLISECONDS interval)
	at org.openqa.selenium.support.ui.WebDriverWait.timeoutException(WebDriverWait.java:80)
	at org.openqa.selenium.support.ui.FluentWait.until(FluentWait.java:232)
	at HRMS_ERP_PERFORMANCE_APPRAISAL.HRMS_ERP_Performance_Appraisal_Employee_Sc_09.getEmployeeApprasialStatus(HRMS_ERP_Performance_Appraisal_Employee_Sc_09.java:115)
	at HRMS_ERP_PERFORMANCE_APPRAISAL_SCRIPT.HRMS_ERP_Performance_Appraisal_Employee_Module.verifySubmitACRHRMSLoginPageHRMS_Employee_Appraisal_SC_09_TC_01(HRMS_ERP_Performance_Appraisal_Employee_Module.java:134)
Caused by: org.openqa.selenium.NoSuchElementException: no such element: Unable to locate element: {&quot;method&quot;:&quot;xpath&quot;,&quot;selector&quot;:&quot;//table[@class=&apos;o_list_view table table-condensed table-striped&apos;]/tbody/tr/td[contains(text(),&apos;Swati&apos;)]/following-sibling::td[contains(text(),&apos;Pending Rating&apos;)]&quot;}
  (Session info: chrome=62.0.3202.94)
  (Driver info: chromedriver=2.33.506120 (e3e53437346286c0bc2d2dc9aa4915ba81d9023f),platform=Windows NT 10.0.10240 x86_64) (WARNING: The server did not provide any stacktrace information)
Command duration or timeout: 47 milliseconds
For documentation on this error, please visit: http://seleniumhq.org/exceptions/no_such_element.html
Build info: version: &apos;unknown&apos;, revision: &apos;unknown&apos;, time: &apos;unknown&apos;
System info: host: &apos;DEV_DEL_DEEPAK&apos;, ip: &apos;192.168.141.63&apos;, os.name: &apos;Windows 10&apos;, os.arch: &apos;amd64&apos;, os.version: &apos;10.0&apos;, java.version: &apos;1.8.0_131&apos;
Driver info: org.openqa.selenium.chrome.ChromeDriver
Capabilities [{applicationCacheEnabled=false, rotatable=false, mobileEmulationEnabled=false, networkConnectionEnabled=false, chrome={chromedriverVersion=2.33.506120 (e3e53437346286c0bc2d2dc9aa4915ba81d9023f), userDataDir=C:\Users\DEEPAK~1.SAI\AppData\Local\Temp\scoped_dir13216_17545}, takesHeapSnapshot=true, pageLoadStrategy=normal, databaseEnabled=false, handlesAlerts=true, hasTouchScreen=false, version=62.0.3202.94, platform=XP, browserConnectionEnabled=false, nativeEvents=true, acceptSslCerts=true, locationContextEnabled=true, webStorageEnabled=true, browserName=chrome, takesScreenshot=true, javascriptEnabled=true, cssSelectorsEnabled=true, setWindowRect=true, unexpectedAlertBehaviour=}]
Session ID: 1da6b7fb2ea32a78157c9de3283ce1f7
*** Element info: {Using=xpath, value=//table[@class=&apos;o_list_view table table-condensed table-striped&apos;]/tbody/tr/td[contains(text(),&apos;Swati&apos;)]/following-sibling::td[contains(text(),&apos;Pending Rating&apos;)]}
	at org.openqa.selenium.remote.ErrorHandler.createThrowable(ErrorHandler.java:215)
	at org.openqa.selenium.remote.ErrorHandler.throwIfResponseFailed(ErrorHandler.java:167)
	at org.openqa.selenium.remote.RemoteWebDriver.execute(RemoteWebDriver.java:671)
	at org.openqa.selenium.remote.RemoteWebDriver.findElement(RemoteWebDriver.java:410)
	at org.openqa.selenium.remote.RemoteWebDriver.findElementByXPath(RemoteWebDriver.java:509)
	at org.openqa.selenium.By$ByXPath.findElement(By.java:361)
	at org.openqa.selenium.remote.RemoteWebDriver.findElement(RemoteWebDriver.java:402)
	at org.openqa.selenium.support.pagefactory.DefaultElementLocator.findElement(DefaultElementLocator.java:69)
	at org.openqa.selenium.support.pagefactory.internal.LocatingElementHandler.invoke(LocatingElementHandler.java:38)
	at com.sun.proxy.$Proxy9.isDisplayed(Unknown Source)
	at org.openqa.selenium.support.ui.ExpectedConditions.elementIfVisible(ExpectedConditions.java:302)
	at org.openqa.selenium.support.ui.ExpectedConditions.access$100(ExpectedConditions.java:44)
	at org.openqa.selenium.support.ui.ExpectedConditions$10.apply(ExpectedConditions.java:288)
	at org.openqa.selenium.support.ui.ExpectedConditions$10.apply(ExpectedConditions.java:285)
	at org.openqa.selenium.support.ui.FluentWait.until(FluentWait.java:209)
	... 27 more
... Removed 28 stack frames</pre></div><a href='#' onClick='toggleBox("stack-trace1300576734", this, "Click to show all stack frames", "Click to hide stack frames")'>Click to show all stack frames</a>
<div class='stack-trace' id='stack-trace1300576734'><pre>org.openqa.selenium.TimeoutException: Expected condition failed: waiting for visibility of Proxy element for: DefaultElementLocator &apos;By.xpath: //table[@class=&apos;o_list_view table table-condensed table-striped&apos;]/tbody/tr/td[contains(text(),&apos;Swati&apos;)]/following-sibling::td[contains(text(),&apos;Pending Rating&apos;)]&apos; (tried for 10 second(s) with 500 MILLISECONDS interval)
	at org.openqa.selenium.support.ui.WebDriverWait.timeoutException(WebDriverWait.java:80)
	at org.openqa.selenium.support.ui.FluentWait.until(FluentWait.java:232)
	at HRMS_ERP_PERFORMANCE_APPRAISAL.HRMS_ERP_Performance_Appraisal_Employee_Sc_09.getEmployeeApprasialStatus(HRMS_ERP_Performance_Appraisal_Employee_Sc_09.java:115)
	at HRMS_ERP_PERFORMANCE_APPRAISAL_SCRIPT.HRMS_ERP_Performance_Appraisal_Employee_Module.verifySubmitACRHRMSLoginPageHRMS_Employee_Appraisal_SC_09_TC_01(HRMS_ERP_Performance_Appraisal_Employee_Module.java:134)
	at sun.reflect.NativeMethodAccessorImpl.invoke0(Native Method)
	at sun.reflect.NativeMethodAccessorImpl.invoke(NativeMethodAccessorImpl.java:62)
	at sun.reflect.DelegatingMethodAccessorImpl.invoke(DelegatingMethodAccessorImpl.java:43)
	at java.lang.reflect.Method.invoke(Method.java:498)
	at org.testng.internal.MethodInvocationHelper.invokeMethod(MethodInvocationHelper.java:100)
	at org.testng.internal.Invoker.invokeMethod(Invoker.java:646)
	at org.testng.internal.Invoker.invokeTestMethod(Invoker.java:811)
	at org.testng.internal.Invoker.invokeTestMethods(Invoker.java:1129)
	at org.testng.internal.TestMethodWorker.invokeTestMethods(TestMethodWorker.java:129)
	at org.testng.internal.TestMethodWorker.run(TestMethodWorker.java:112)
	at org.testng.TestRunner.privateRun(TestRunner.java:746)
	at org.testng.TestRunner.run(TestRunner.java:600)
	at org.testng.SuiteRunner.runTest(SuiteRunner.java:366)
	at org.testng.SuiteRunner.runSequentially(SuiteRunner.java:361)
	at org.testng.SuiteRunner.privateRun(SuiteRunner.java:319)
	at org.testng.SuiteRunner.run(SuiteRunner.java:268)
	at org.testng.SuiteRunnerWorker.runSuite(SuiteRunnerWorker.java:52)
	at org.testng.SuiteRunnerWorker.run(SuiteRunnerWorker.java:86)
	at org.testng.TestNG.runSuitesSequentially(TestNG.java:1264)
	at org.testng.TestNG.runSuitesLocally(TestNG.java:1189)
	at org.testng.TestNG.runSuites(TestNG.java:1104)
	at org.testng.TestNG.run(TestNG.java:1076)
	at org.testng.remote.AbstractRemoteTestNG.run(AbstractRemoteTestNG.java:126)
	at org.testng.remote.RemoteTestNG.initAndRun(RemoteTestNG.java:152)
	at org.testng.remote.RemoteTestNG.main(RemoteTestNG.java:57)
Caused by: org.openqa.selenium.NoSuchElementException: no such element: Unable to locate element: {&quot;method&quot;:&quot;xpath&quot;,&quot;selector&quot;:&quot;//table[@class=&apos;o_list_view table table-condensed table-striped&apos;]/tbody/tr/td[contains(text(),&apos;Swati&apos;)]/following-sibling::td[contains(text(),&apos;Pending Rating&apos;)]&quot;}
  (Session info: chrome=62.0.3202.94)
  (Driver info: chromedriver=2.33.506120 (e3e53437346286c0bc2d2dc9aa4915ba81d9023f),platform=Windows NT 10.0.10240 x86_64) (WARNING: The server did not provide any stacktrace information)
Command duration or timeout: 47 milliseconds
For documentation on this error, please visit: http://seleniumhq.org/exceptions/no_such_element.html
Build info: version: &apos;unknown&apos;, revision: &apos;unknown&apos;, time: &apos;unknown&apos;
System info: host: &apos;DEV_DEL_DEEPAK&apos;, ip: &apos;192.168.141.63&apos;, os.name: &apos;Windows 10&apos;, os.arch: &apos;amd64&apos;, os.version: &apos;10.0&apos;, java.version: &apos;1.8.0_131&apos;
Driver info: org.openqa.selenium.chrome.ChromeDriver
Capabilities [{applicationCacheEnabled=false, rotatable=false, mobileEmulationEnabled=false, networkConnectionEnabled=false, chrome={chromedriverVersion=2.33.506120 (e3e53437346286c0bc2d2dc9aa4915ba81d9023f), userDataDir=C:\Users\DEEPAK~1.SAI\AppData\Local\Temp\scoped_dir13216_17545}, takesHeapSnapshot=true, pageLoadStrategy=normal, databaseEnabled=false, handlesAlerts=true, hasTouchScreen=false, version=62.0.3202.94, platform=XP, browserConnectionEnabled=false, nativeEvents=true, acceptSslCerts=true, locationContextEnabled=true, webStorageEnabled=true, browserName=chrome, takesScreenshot=true, javascriptEnabled=true, cssSelectorsEnabled=true, setWindowRect=true, unexpectedAlertBehaviour=}]
Session ID: 1da6b7fb2ea32a78157c9de3283ce1f7
*** Element info: {Using=xpath, value=//table[@class=&apos;o_list_view table table-condensed table-striped&apos;]/tbody/tr/td[contains(text(),&apos;Swati&apos;)]/following-sibling::td[contains(text(),&apos;Pending Rating&apos;)]}
	at sun.reflect.GeneratedConstructorAccessor36.newInstance(Unknown Source)
	at sun.reflect.DelegatingConstructorAccessorImpl.newInstance(DelegatingConstructorAccessorImpl.java:45)
	at java.lang.reflect.Constructor.newInstance(Constructor.java:423)
	at org.openqa.selenium.remote.ErrorHandler.createThrowable(ErrorHandler.java:215)
	at org.openqa.selenium.remote.ErrorHandler.throwIfResponseFailed(ErrorHandler.java:167)
	at org.openqa.selenium.remote.RemoteWebDriver.execute(RemoteWebDriver.java:671)
	at org.openqa.selenium.remote.RemoteWebDriver.findElement(RemoteWebDriver.java:410)
	at org.openqa.selenium.remote.RemoteWebDriver.findElementByXPath(RemoteWebDriver.java:509)
	at org.openqa.selenium.By$ByXPath.findElement(By.java:361)
	at org.openqa.selenium.remote.RemoteWebDriver.findElement(RemoteWebDriver.java:402)
	at org.openqa.selenium.support.pagefactory.DefaultElementLocator.findElement(DefaultElementLocator.java:69)
	at org.openqa.selenium.support.pagefactory.internal.LocatingElementHandler.invoke(LocatingElementHandler.java:38)
	at com.sun.proxy.$Proxy9.isDisplayed(Unknown Source)
	at org.openqa.selenium.support.ui.ExpectedConditions.elementIfVisible(ExpectedConditions.java:302)
	at org.openqa.selenium.support.ui.ExpectedConditions.access$100(ExpectedConditions.java:44)
	at org.openqa.selenium.support.ui.ExpectedConditions$10.apply(ExpectedConditions.java:288)
	at org.openqa.selenium.support.ui.ExpectedConditions$10.apply(ExpectedConditions.java:285)
	at org.openqa.selenium.support.ui.FluentWait.until(FluentWait.java:209)
	... 27 more
</pre></div></td>
<td>21</td>
<td>HRMS_ERP_PERFORMANCE_APPRAISAL_SCRIPT.HRMS_ERP_Performance_Appraisal_Employee_Module@37d31475</td></tr>
</table><p>
<table width='100%' border='1' class='invocation-passed'>
<tr><td colspan='4' align='center'><b>PASSED TESTS</b></td></tr>
<tr><td><b>Test method</b></td>
<td width="30%"><b>Exception</b></td>
<td width="10%"><b>Time (seconds)</b></td>
<td><b>Instance</b></td>
</tr>
<tr>
<td title='HRMS_ERP_PERFORMANCE_APPRAISAL_SCRIPT.HRMS_ERP_Performance_Appraisal_Employee_Module.verifyDiscardHRMSLoginPageHRMS_Employee_Appraisal_SC_08_TC_01()'><b>verifyDiscardHRMSLoginPageHRMS_Employee_Appraisal_SC_08_TC_01</b><br>Test class: HRMS_ERP_PERFORMANCE_APPRAISAL_SCRIPT.HRMS_ERP_Performance_Appraisal_Employee_Module<br>Test method: HRMS_Employee_Appraisal_SC_08_TC_01<br>Parameters: swati@gmail.com, Nrda@1234567<br/>
<a href="#Output-351970188" onClick='toggleBox("Output-351970188", this, "Show output", "Hide output");'>Show output</a>

<a href="#Output-351970188" onClick="toggleAllBoxes();">Show all outputs</a>
<div class='log' id="Output-351970188">
Email ID:swati@gmail.com<br/>
Password:Nrda@1234567<br/>
click on Login button successfully<br/>
click on discuss image successfully<br/>
click on Self Service Image Successfully<br/>
click on Service Dropdown Successfully<br/>
Expected result:Appraisal<br/>
click on Sub-Menu Appraisal under Service Dropdown Menu Successfully<br/>
click on Employee name for edit successfuly<br/>
click on edit button successfuly<br/>
click on discard button successfuly<br/>
</div>
</td>
<td></td>
<td>9</td>
<td>HRMS_ERP_PERFORMANCE_APPRAISAL_SCRIPT.HRMS_ERP_Performance_Appraisal_Employee_Module@37d31475</td></tr>
<tr>
<td title='HRMS_ERP_PERFORMANCE_APPRAISAL_SCRIPT.HRMS_ERP_Performance_Appraisal_Employee_Module.verifyEditAndSaveHRMSLoginPageHRMS_Employee_Appraisal_SC_07_TC_01()'><b>verifyEditAndSaveHRMSLoginPageHRMS_Employee_Appraisal_SC_07_TC_01</b><br>Test class: HRMS_ERP_PERFORMANCE_APPRAISAL_SCRIPT.HRMS_ERP_Performance_Appraisal_Employee_Module<br>Test method: HRMS_Employee_Appraisal_SC_07_TC_01<br>Parameters: swati@gmail.com, Nrda@1234567<br/>
<a href="#Output-659115590" onClick='toggleBox("Output-659115590", this, "Show output", "Hide output");'>Show output</a>

<a href="#Output-659115590" onClick="toggleAllBoxes();">Show all outputs</a>
<div class='log' id="Output-659115590">
Email ID:swati@gmail.com<br/>
Password:Nrda@1234567<br/>
click on Login button successfully<br/>
click on discuss image successfully<br/>
click on Self Service Image Successfully<br/>
click on Service Dropdown Successfully<br/>
Expected result:Appraisal<br/>
click on Sub-Menu Appraisal under Service Dropdown Menu Successfully<br/>
click on Employee name for edit successfuly<br/>
click on edit button successfuly<br/>
click on save button successfuly<br/>
Expected result:Kindly provide brief description of your work:<br/>
click on discard button successfuly<br/>
click on edit button successfuly<br/>
click on save button successfuly<br/>
</div>
</td>
<td></td>
<td>11</td>
<td>HRMS_ERP_PERFORMANCE_APPRAISAL_SCRIPT.HRMS_ERP_Performance_Appraisal_Employee_Module@37d31475</td></tr>
<tr>
<td title='HRMS_ERP_PERFORMANCE_APPRAISAL_SCRIPT.HRMS_ERP_Performance_Appraisal_Employee_Module.verifyHRMSLoginPageHRMS_Employee_Appraisal_SC_06_TC_01()'><b>verifyHRMSLoginPageHRMS_Employee_Appraisal_SC_06_TC_01</b><br>Test class: HRMS_ERP_PERFORMANCE_APPRAISAL_SCRIPT.HRMS_ERP_Performance_Appraisal_Employee_Module<br>Test method: HRMS_Employee_Appraisal_SC_06_TC_01<br>Parameters: swati@gmail.com, Nrda@1234567<br/>
<a href="#Output-209360767" onClick='toggleBox("Output-209360767", this, "Show output", "Hide output");'>Show output</a>

<a href="#Output-209360767" onClick="toggleAllBoxes();">Show all outputs</a>
<div class='log' id="Output-209360767">
Email ID:swati@gmail.com<br/>
Password:Nrda@1234567<br/>
click on Login button successfully<br/>
click on discuss image successfully<br/>
click on Self Service Image Successfully<br/>
click on Service Dropdown Successfully<br/>
Expected result:Appraisal<br/>
click on Sub-Menu Appraisal under Service Dropdown Menu Successfully<br/>
Employee ACR Status:ACR Request<br/>
</div>
</td>
<td></td>
<td>10</td>
<td>HRMS_ERP_PERFORMANCE_APPRAISAL_SCRIPT.HRMS_ERP_Performance_Appraisal_Employee_Module@37d31475</td></tr>
</table><p>
</body>
</html>