<?xml version="1.0" encoding="UTF-8"?>
<!-- Generated by org.testng.reporters.JUnitReportReporter -->
<testsuite skipped="13" hostname="DEV_DEL_DEEPAK" name="HRMS_ERP_UAT_TECHNICAL_SECTION.LoginAsHOD" tests="15" failures="0" timestamp="12 Dec 2018 04:58:47 GMT" time="36.932" errors="1">
  <testcase name="openBrowser" time="25.843" classname="HRMS_ERP_UAT_TECHNICAL_SECTION.LoginAsHOD">
    <error type="org.openqa.selenium.NoSuchWindowException" message="no such window: target window already closed
from unknown error: web view not found
  (Session info: chrome=70.0.3538.110)
  (Driver info: chromedriver=2.36.540470 (e522d04694c7ebea4ba8821272dbef4f9b818c91),platform=Windows NT 10.0.10240 x86_64) (WARNING: The server did not provide any stacktrace information)
Command duration or timeout: 0 milliseconds
Build info: version: &#039;3.7.1&#039;, revision: &#039;8a0099a&#039;, time: &#039;2017-11-06T21:01:39.354Z&#039;
System info: host: &#039;DEV_DEL_DEEPAK&#039;, ip: &#039;192.168.141.63&#039;, os.name: &#039;Windows 10&#039;, os.arch: &#039;amd64&#039;, os.version: &#039;10.0&#039;, java.version: &#039;1.8.0_131&#039;
Driver info: org.openqa.selenium.chrome.ChromeDriver
Capabilities {acceptInsecureCerts: false, acceptSslCerts: false, applicationCacheEnabled: false, browserConnectionEnabled: false, browserName: chrome, chrome: {chromedriverVersion: 2.36.540470 (e522d04694c7eb..., userDataDir: C:\Users\DEEPAK~1.SAI\AppDa...}, cssSelectorsEnabled: true, databaseEnabled: false, handlesAlerts: true, hasTouchScreen: false, javascriptEnabled: true, locationContextEnabled: true, mobileEmulationEnabled: false, nativeEvents: true, networkConnectionEnabled: false, pageLoadStrategy: normal, platform: XP, platformName: XP, rotatable: false, setWindowRect: true, takesHeapSnapshot: true, takesScreenshot: true, unexpectedAlertBehaviour: , unhandledPromptBehavior: , version: 70.0.3538.110, webStorageEnabled: true}
Session ID: 25161be4143e7f005a7ba22ddb32e02d">
      <![CDATA[org.openqa.selenium.NoSuchWindowException: no such window: target window already closed
from unknown error: web view not found
  (Session info: chrome=70.0.3538.110)
  (Driver info: chromedriver=2.36.540470 (e522d04694c7ebea4ba8821272dbef4f9b818c91),platform=Windows NT 10.0.10240 x86_64) (WARNING: The server did not provide any stacktrace information)
Command duration or timeout: 0 milliseconds
Build info: version: '3.7.1', revision: '8a0099a', time: '2017-11-06T21:01:39.354Z'
System info: host: 'DEV_DEL_DEEPAK', ip: '192.168.141.63', os.name: 'Windows 10', os.arch: 'amd64', os.version: '10.0', java.version: '1.8.0_131'
Driver info: org.openqa.selenium.chrome.ChromeDriver
Capabilities {acceptInsecureCerts: false, acceptSslCerts: false, applicationCacheEnabled: false, browserConnectionEnabled: false, browserName: chrome, chrome: {chromedriverVersion: 2.36.540470 (e522d04694c7eb..., userDataDir: C:\Users\DEEPAK~1.SAI\AppDa...}, cssSelectorsEnabled: true, databaseEnabled: false, handlesAlerts: true, hasTouchScreen: false, javascriptEnabled: true, locationContextEnabled: true, mobileEmulationEnabled: false, nativeEvents: true, networkConnectionEnabled: false, pageLoadStrategy: normal, platform: XP, platformName: XP, rotatable: false, setWindowRect: true, takesHeapSnapshot: true, takesScreenshot: true, unexpectedAlertBehaviour: , unhandledPromptBehavior: , version: 70.0.3538.110, webStorageEnabled: true}
Session ID: 25161be4143e7f005a7ba22ddb32e02d
	at sun.reflect.NativeConstructorAccessorImpl.newInstance0(Native Method)
	at sun.reflect.NativeConstructorAccessorImpl.newInstance(NativeConstructorAccessorImpl.java:62)
	at sun.reflect.DelegatingConstructorAccessorImpl.newInstance(DelegatingConstructorAccessorImpl.java:45)
	at java.lang.reflect.Constructor.newInstance(Constructor.java:423)
	at org.openqa.selenium.remote.ErrorHandler.createThrowable(ErrorHandler.java:214)
	at org.openqa.selenium.remote.ErrorHandler.throwIfResponseFailed(ErrorHandler.java:166)
	at org.openqa.selenium.remote.http.JsonHttpResponseCodec.reconstructValue(JsonHttpResponseCodec.java:40)
	at org.openqa.selenium.remote.http.AbstractHttpResponseCodec.decode(AbstractHttpResponseCodec.java:80)
	at org.openqa.selenium.remote.http.AbstractHttpResponseCodec.decode(AbstractHttpResponseCodec.java:44)
	at org.openqa.selenium.remote.HttpCommandExecutor.execute(HttpCommandExecutor.java:164)
	at org.openqa.selenium.remote.service.DriverCommandExecutor.execute(DriverCommandExecutor.java:83)
	at org.openqa.selenium.remote.RemoteWebDriver.execute(RemoteWebDriver.java:600)
	at org.openqa.selenium.remote.RemoteWebDriver.get(RemoteWebDriver.java:324)
	at org.openqa.selenium.remote.RemoteWebDriver$RemoteNavigation.to(RemoteWebDriver.java:911)
	at HRMS_URL_Page.HRMS_URL.openBrowser(HRMS_URL.java:25)
	at sun.reflect.NativeMethodAccessorImpl.invoke0(Native Method)
	at sun.reflect.NativeMethodAccessorImpl.invoke(NativeMethodAccessorImpl.java:62)
	at sun.reflect.DelegatingMethodAccessorImpl.invoke(DelegatingMethodAccessorImpl.java:43)
	at java.lang.reflect.Method.invoke(Method.java:498)
	at org.testng.internal.MethodInvocationHelper.invokeMethod(MethodInvocationHelper.java:108)
	at org.testng.internal.Invoker.invokeConfigurationMethod(Invoker.java:523)
	at org.testng.internal.Invoker.invokeConfigurations(Invoker.java:224)
	at org.testng.internal.Invoker.invokeMethod(Invoker.java:599)
	at org.testng.internal.Invoker.invokeTestMethod(Invoker.java:869)
	at org.testng.internal.Invoker.invokeTestMethods(Invoker.java:1193)
	at org.testng.internal.TestMethodWorker.invokeTestMethods(TestMethodWorker.java:126)
	at org.testng.internal.TestMethodWorker.run(TestMethodWorker.java:109)
	at org.testng.TestRunner.privateRun(TestRunner.java:744)
	at org.testng.TestRunner.run(TestRunner.java:602)
	at org.testng.SuiteRunner.runTest(SuiteRunner.java:380)
	at org.testng.SuiteRunner.runSequentially(SuiteRunner.java:375)
	at org.testng.SuiteRunner.privateRun(SuiteRunner.java:340)
	at org.testng.SuiteRunner.run(SuiteRunner.java:289)
	at org.testng.SuiteRunnerWorker.runSuite(SuiteRunnerWorker.java:52)
	at org.testng.SuiteRunnerWorker.run(SuiteRunnerWorker.java:86)
	at org.testng.TestNG.runSuitesSequentially(TestNG.java:1301)
	at org.testng.TestNG.runSuitesLocally(TestNG.java:1226)
	at org.testng.TestNG.runSuites(TestNG.java:1144)
	at org.testng.TestNG.run(TestNG.java:1115)
	at org.apache.maven.surefire.testng.TestNGExecutor.run(TestNGExecutor.java:122)
	at org.apache.maven.surefire.testng.TestNGXmlTestSuite.execute(TestNGXmlTestSuite.java:92)
	at org.apache.maven.surefire.testng.TestNGProvider.invoke(TestNGProvider.java:105)
	at sun.reflect.NativeMethodAccessorImpl.invoke0(Native Method)
	at sun.reflect.NativeMethodAccessorImpl.invoke(NativeMethodAccessorImpl.java:62)
	at sun.reflect.DelegatingMethodAccessorImpl.invoke(DelegatingMethodAccessorImpl.java:43)
	at java.lang.reflect.Method.invoke(Method.java:498)
	at org.apache.maven.surefire.util.ReflectionUtils.invokeMethodWithArray(ReflectionUtils.java:188)
	at org.apache.maven.surefire.booter.ProviderFactory$ProviderProxy.invoke(ProviderFactory.java:166)
	at org.apache.maven.surefire.booter.ProviderFactory.invokeProvider(ProviderFactory.java:86)
	at org.apache.maven.surefire.booter.ForkedBooter.runSuitesInProcess(ForkedBooter.java:101)
	at org.apache.maven.surefire.booter.ForkedBooter.main(ForkedBooter.java:74)
]]>
    </error>
  </testcase> <!-- openBrowser -->
  <testcase name="UAT_Finance_AA_35" time="0.000" classname="HRMS_ERP_UAT_TECHNICAL_SECTION.LoginAsHOD">
    <skipped/>
  </testcase> <!-- UAT_Finance_AA_35 -->
  <testcase name="UAT_Finance_AA_26" time="11.089" classname="HRMS_ERP_UAT_TECHNICAL_SECTION.LoginAsHOD"/>
  <testcase name="UAT_Finance_AA_36" time="0.000" classname="HRMS_ERP_UAT_TECHNICAL_SECTION.LoginAsHOD">
    <skipped/>
  </testcase> <!-- UAT_Finance_AA_36 -->
  <testcase name="UAT_Finance_AA_27" time="0.000" classname="HRMS_ERP_UAT_TECHNICAL_SECTION.LoginAsHOD">
    <skipped/>
  </testcase> <!-- UAT_Finance_AA_27 -->
  <testcase name="UAT_Finance_AA_38" time="0.000" classname="HRMS_ERP_UAT_TECHNICAL_SECTION.LoginAsHOD">
    <skipped/>
  </testcase> <!-- UAT_Finance_AA_38 -->
  <testcase name="UAT_Finance_AA_37" time="0.000" classname="HRMS_ERP_UAT_TECHNICAL_SECTION.LoginAsHOD">
    <skipped/>
  </testcase> <!-- UAT_Finance_AA_37 -->
  <testcase name="UAT_Finance_AA_28" time="0.000" classname="HRMS_ERP_UAT_TECHNICAL_SECTION.LoginAsHOD">
    <skipped/>
  </testcase> <!-- UAT_Finance_AA_28 -->
  <testcase name="UAT_Finance_AA_39" time="0.000" classname="HRMS_ERP_UAT_TECHNICAL_SECTION.LoginAsHOD">
    <skipped/>
  </testcase> <!-- UAT_Finance_AA_39 -->
  <testcase name="UAT_Finance_AA_29" time="0.000" classname="HRMS_ERP_UAT_TECHNICAL_SECTION.LoginAsHOD">
    <skipped/>
  </testcase> <!-- UAT_Finance_AA_29 -->
  <testcase name="UAT_Finance_AA_30" time="0.000" classname="HRMS_ERP_UAT_TECHNICAL_SECTION.LoginAsHOD">
    <skipped/>
  </testcase> <!-- UAT_Finance_AA_30 -->
  <testcase name="UAT_Finance_AA_31" time="0.000" classname="HRMS_ERP_UAT_TECHNICAL_SECTION.LoginAsHOD">
    <skipped/>
  </testcase> <!-- UAT_Finance_AA_31 -->
  <testcase name="UAT_Finance_AA_32" time="0.000" classname="HRMS_ERP_UAT_TECHNICAL_SECTION.LoginAsHOD">
    <skipped/>
  </testcase> <!-- UAT_Finance_AA_32 -->
  <testcase name="UAT_Finance_AA_33" time="0.000" classname="HRMS_ERP_UAT_TECHNICAL_SECTION.LoginAsHOD">
    <skipped/>
  </testcase> <!-- UAT_Finance_AA_33 -->
  <testcase name="UAT_Finance_AA_34" time="0.000" classname="HRMS_ERP_UAT_TECHNICAL_SECTION.LoginAsHOD">
    <skipped/>
  </testcase> <!-- UAT_Finance_AA_34 -->
</testsuite> <!-- HRMS_ERP_UAT_TECHNICAL_SECTION.LoginAsHOD -->
