<?xml version="1.0" encoding="UTF-8"?>
<!-- Generated by org.testng.reporters.JUnitReportReporter -->
<testsuite skipped="4" hostname="DEV_DEL_DEEPAK" name="com.datadriven.FacebookClass" tests="5" failures="0" timestamp="12 Mar 2020 07:32:40 GMT" time="0.001" errors="1">
  <testcase name="halfEbayRegPageTest" time="0.000" classname="com.datadriven.FacebookClass">
    <skipped/>
  </testcase> <!-- halfEbayRegPageTest -->
  <testcase name="halfEbayRegPageTest" time="0.000" classname="com.datadriven.FacebookClass">
    <skipped/>
  </testcase> <!-- halfEbayRegPageTest -->
  <testcase name="setUp" time="0.000" classname="com.datadriven.FacebookClass">
    <error type="org.testng.TestNGException" message="
Parameter &#039;browser&#039; is required by BeforeMethod on method setUp but has not been marked @Optional or defined
in C:\Users\deepak.saini\AppData\Local\Temp\testng-eclipse--1160738171\testng-customsuite.xml">
      <![CDATA[org.testng.TestNGException: 
Parameter 'browser' is required by BeforeMethod on method setUp but has not been marked @Optional or defined
in C:\Users\deepak.saini\AppData\Local\Temp\testng-eclipse--1160738171\testng-customsuite.xml
	at org.testng.internal.Parameters.createParameters(Parameters.java:199)
	at org.testng.internal.Parameters.createParameters(Parameters.java:443)
	at org.testng.internal.Parameters.createConfigurationParameters(Parameters.java:118)
	at org.testng.internal.Invoker.invokeConfigurations(Invoker.java:206)
	at org.testng.internal.Invoker.invokeMethod(Invoker.java:599)
	at org.testng.internal.Invoker.invokeTestMethod(Invoker.java:869)
	at org.testng.internal.Invoker.invokeTestMethods(Invoker.java:1193)
	at org.testng.internal.TestMethodWorker.invokeTestMethods(TestMethodWorker.java:126)
	at org.testng.internal.TestMethodWorker.run(TestMethodWorker.java:109)
	at org.testng.TestRunner.privateRun(TestRunner.java:744)
	at org.testng.TestRunner.run(TestRunner.java:602)
	at org.testng.SuiteRunner.runTest(SuiteRunner.java:380)
	at org.testng.SuiteRunner.runSequentially(SuiteRunner.java:375)
	at org.testng.SuiteRunner.privateRun(SuiteRunner.java:340)
	at org.testng.SuiteRunner.run(SuiteRunner.java:289)
	at org.testng.SuiteRunnerWorker.runSuite(SuiteRunnerWorker.java:52)
	at org.testng.SuiteRunnerWorker.run(SuiteRunnerWorker.java:86)
	at org.testng.TestNG.runSuitesSequentially(TestNG.java:1301)
	at org.testng.TestNG.runSuitesLocally(TestNG.java:1226)
	at org.testng.TestNG.runSuites(TestNG.java:1144)
	at org.testng.TestNG.run(TestNG.java:1115)
	at org.testng.remote.AbstractRemoteTestNG.run(AbstractRemoteTestNG.java:126)
	at org.testng.remote.RemoteTestNG.initAndRun(RemoteTestNG.java:137)
	at org.testng.remote.RemoteTestNG.main(RemoteTestNG.java:58)
]]>
    </error>
  </testcase> <!-- setUp -->
  <testcase name="halfEbayRegPageTest" time="0.001" classname="com.datadriven.FacebookClass">
    <skipped/>
  </testcase> <!-- halfEbayRegPageTest -->
  <testcase name="halfEbayRegPageTest" time="0.000" classname="com.datadriven.FacebookClass">
    <skipped/>
  </testcase> <!-- halfEbayRegPageTest -->
</testsuite> <!-- com.datadriven.FacebookClass -->
